
<!DOCTYPE html>

<html lang="en">
<head>
<meta charset="utf-8"/>
<meta content="width=device-width, initial-scale=1.0" name="viewport"/>
<meta content="width=device-width, initial-scale=1" name="viewport"/>
<title>Demo of Python failure reports with pytest — pytest documentation</title>
<link href="../_static/pygments.css" rel="stylesheet" type="text/css"/>
<link href="../_static/basic.css" rel="stylesheet" type="text/css"/>
<link href="../_static/pygments_pytest.css" rel="stylesheet" type="text/css"/>
<script data-url_root="../" id="documentation_options" src="../_static/documentation_options.js"></script>
<script src="../_static/jquery.js"></script>
<script src="../_static/underscore.js"></script>
<script src="../_static/_sphinx_javascript_frameworks_compat.js"></script>
<script src="../_static/doctools.js"></script>
<script src="../_static/sphinx_highlight.js"></script>
<link href="../_static/favicon.png" rel="shortcut icon"/>
<link href="../search.html" rel="search" title="Search"/>
<link href="simple.html" rel="next" title="Basic patterns and examples"/>
<link href="index.html" rel="prev" title="Examples and customization tricks"/>
<script>DOCUMENTATION_OPTIONS.URL_ROOT = '';</script>
</head><body>
<div aria-label="related navigation" class="related" role="navigation">
<h3>Navigation</h3>
<ul>
<li class="right" style="margin-right: 10px">
<a href="../py-modindex.html" title="Python Module Index">modules</a></li>
<li class="right">
<a accesskey="N" href="simple.html" title="Basic patterns and examples">next</a> |</li>
<li class="right">
<a accesskey="P" href="index.html" title="Examples and customization tricks">previous</a> |</li>
<li class="nav-item nav-item-0"><a href="../contents.html">pytest-7.3</a> »</li>
<li class="nav-item nav-item-1"><a accesskey="U" href="index.html">Examples and customization tricks</a> »</li>
<li class="nav-item nav-item-this"><a href="">Demo of Python failure reports with pytest</a></li>
</ul>
</div>
<div class="document">
<div class="documentwrapper">
<div class="body" role="main">
<section id="demo-of-python-failure-reports-with-pytest">
<a class="dashAnchor" name="//apple_ref/cpp/Section/Demo of Python failure reports with pytest"></a><span id="tbreportdemo"></span><h1>Demo of Python failure reports with pytest<a class="headerlink" href="#demo-of-python-failure-reports-with-pytest" title="Permalink to this heading">¶</a></h1>
<p>Here is a nice run of several failures and how <code class="docutils literal notranslate"><span class="pre">pytest</span></code> presents things:</p>
<div class="highlight-pytest notranslate"><div class="highlight"><pre><span></span>assertion $ pytest failure_demo.py
<span class="-Color -Color-Bold">=========================== test session starts ============================</span>
platform linux -- Python 3.x.y, pytest-7.x.y, pluggy-1.x.y
rootdir: /home/sweet/project/assertion
collected 44 items

failure_demo.py <span class="-Color -Color-Red">FFFFFFFFFFFFFFFFFFFFFFFFFFFFFFFFFFFFFFFFFFFF</span>         <span class="-Color -Color-Red">[100%]</span>

================================= FAILURES =================================
<span class="-Color -Color-Bold -Color-Bold-Red">___________________________ test_generative[3-6] ___________________________</span>

param1 = 3, param2 = 6

    @pytest.mark.parametrize("param1, param2", [(3, 6)])
    def test_generative(param1, param2):
&gt;       assert param1 * 2 &lt; param2
<span class="-Color -Color-Bold -Color-Bold-Red">E       assert (3 * 2) &lt; 6</span>

<span class="-Color -Color-Bold -Color-Bold-Red">failure_demo.py</span>:19: AssertionError
<span class="-Color -Color-Bold -Color-Bold-Red">_________________________ TestFailing.test_simple __________________________</span>

self = &lt;failure_demo.TestFailing object at 0xdeadbeef0001&gt;

    def test_simple(self):
        def f():
            return 42

        def g():
            return 43

&gt;       assert f() == g()
<span class="-Color -Color-Bold -Color-Bold-Red">E       assert 42 == 43</span>
<span class="-Color -Color-Bold -Color-Bold-Red">E        +  where 42 = &lt;function TestFailing.test_simple.&lt;locals&gt;.f at 0xdeadbeef0002&gt;()</span>
<span class="-Color -Color-Bold -Color-Bold-Red">E        +  and   43 = &lt;function TestFailing.test_simple.&lt;locals&gt;.g at 0xdeadbeef0003&gt;()</span>

<span class="-Color -Color-Bold -Color-Bold-Red">failure_demo.py</span>:30: AssertionError
<span class="-Color -Color-Bold -Color-Bold-Red">____________________ TestFailing.test_simple_multiline _____________________</span>

self = &lt;failure_demo.TestFailing object at 0xdeadbeef0004&gt;

    def test_simple_multiline(self):
&gt;       otherfunc_multi(42, 6 * 9)

<span class="-Color -Color-Bold -Color-Bold-Red">failure_demo.py</span>:33:
<span class="-Color -Color-Bold -Color-Bold-Red">_ _ _ _ _ _ _ _ _ _ _ _ _ _ _ _ _ _ _ _ _ _ _ _ _ _ _ _ _ _ _ _ _ _ _ _ _ _</span>

a = 42, b = 54

    def otherfunc_multi(a, b):
&gt;       assert a == b
<span class="-Color -Color-Bold -Color-Bold-Red">E       assert 42 == 54</span>

<span class="-Color -Color-Bold -Color-Bold-Red">failure_demo.py</span>:14: AssertionError
<span class="-Color -Color-Bold -Color-Bold-Red">___________________________ TestFailing.test_not ___________________________</span>

self = &lt;failure_demo.TestFailing object at 0xdeadbeef0005&gt;

    def test_not(self):
        def f():
            return 42

&gt;       assert not f()
<span class="-Color -Color-Bold -Color-Bold-Red">E       assert not 42</span>
<span class="-Color -Color-Bold -Color-Bold-Red">E        +  where 42 = &lt;function TestFailing.test_not.&lt;locals&gt;.f at 0xdeadbeef0006&gt;()</span>

<span class="-Color -Color-Bold -Color-Bold-Red">failure_demo.py</span>:39: AssertionError
<span class="-Color -Color-Bold -Color-Bold-Red">_________________ TestSpecialisedExplanations.test_eq_text _________________</span>

self = &lt;failure_demo.TestSpecialisedExplanations object at 0xdeadbeef0007&gt;

    def test_eq_text(self):
&gt;       assert "spam" == "eggs"
<span class="-Color -Color-Bold -Color-Bold-Red">E       AssertionError: assert 'spam' == 'eggs'</span>
<span class="-Color -Color-Bold -Color-Bold-Red">E         - eggs</span>
<span class="-Color -Color-Bold -Color-Bold-Red">E         + spam</span>

<span class="-Color -Color-Bold -Color-Bold-Red">failure_demo.py</span>:44: AssertionError
<span class="-Color -Color-Bold -Color-Bold-Red">_____________ TestSpecialisedExplanations.test_eq_similar_text _____________</span>

self = &lt;failure_demo.TestSpecialisedExplanations object at 0xdeadbeef0008&gt;

    def test_eq_similar_text(self):
&gt;       assert "foo 1 bar" == "foo 2 bar"
<span class="-Color -Color-Bold -Color-Bold-Red">E       AssertionError: assert 'foo 1 bar' == 'foo 2 bar'</span>
<span class="-Color -Color-Bold -Color-Bold-Red">E         - foo 2 bar</span>
<span class="-Color -Color-Bold -Color-Bold-Red">E         ?     ^</span>
<span class="-Color -Color-Bold -Color-Bold-Red">E         + foo 1 bar</span>
<span class="-Color -Color-Bold -Color-Bold-Red">E         ?     ^</span>

<span class="-Color -Color-Bold -Color-Bold-Red">failure_demo.py</span>:47: AssertionError
<span class="-Color -Color-Bold -Color-Bold-Red">____________ TestSpecialisedExplanations.test_eq_multiline_text ____________</span>

self = &lt;failure_demo.TestSpecialisedExplanations object at 0xdeadbeef0009&gt;

    def test_eq_multiline_text(self):
&gt;       assert "foo\nspam\nbar" == "foo\neggs\nbar"
<span class="-Color -Color-Bold -Color-Bold-Red">E       AssertionError: assert 'foo\nspam\nbar' == 'foo\neggs\nbar'</span>
<span class="-Color -Color-Bold -Color-Bold-Red">E           foo</span>
<span class="-Color -Color-Bold -Color-Bold-Red">E         - eggs</span>
<span class="-Color -Color-Bold -Color-Bold-Red">E         + spam</span>
<span class="-Color -Color-Bold -Color-Bold-Red">E           bar</span>

<span class="-Color -Color-Bold -Color-Bold-Red">failure_demo.py</span>:50: AssertionError
<span class="-Color -Color-Bold -Color-Bold-Red">______________ TestSpecialisedExplanations.test_eq_long_text _______________</span>

self = &lt;failure_demo.TestSpecialisedExplanations object at 0xdeadbeef000a&gt;

    def test_eq_long_text(self):
        a = "1" * 100 + "a" + "2" * 100
        b = "1" * 100 + "b" + "2" * 100
&gt;       assert a == b
<span class="-Color -Color-Bold -Color-Bold-Red">E       AssertionError: assert '111111111111...2222222222222' == '111111111111...2222222222222'</span>
<span class="-Color -Color-Bold -Color-Bold-Red">E         Skipping 90 identical leading characters in diff, use -v to show</span>
<span class="-Color -Color-Bold -Color-Bold-Red">E         Skipping 91 identical trailing characters in diff, use -v to show</span>
<span class="-Color -Color-Bold -Color-Bold-Red">E         - 1111111111b222222222</span>
<span class="-Color -Color-Bold -Color-Bold-Red">E         ?           ^</span>
<span class="-Color -Color-Bold -Color-Bold-Red">E         + 1111111111a222222222</span>
<span class="-Color -Color-Bold -Color-Bold-Red">E         ?           ^</span>

<span class="-Color -Color-Bold -Color-Bold-Red">failure_demo.py</span>:55: AssertionError
<span class="-Color -Color-Bold -Color-Bold-Red">_________ TestSpecialisedExplanations.test_eq_long_text_multiline __________</span>

self = &lt;failure_demo.TestSpecialisedExplanations object at 0xdeadbeef000b&gt;

    def test_eq_long_text_multiline(self):
        a = "1\n" * 100 + "a" + "2\n" * 100
        b = "1\n" * 100 + "b" + "2\n" * 100
&gt;       assert a == b
<span class="-Color -Color-Bold -Color-Bold-Red">E       AssertionError: assert '1\n1\n1\n1\n...n2\n2\n2\n2\n' == '1\n1\n1\n1\n...n2\n2\n2\n2\n'</span>
<span class="-Color -Color-Bold -Color-Bold-Red">E         Skipping 190 identical leading characters in diff, use -v to show</span>
<span class="-Color -Color-Bold -Color-Bold-Red">E         Skipping 191 identical trailing characters in diff, use -v to show</span>
<span class="-Color -Color-Bold -Color-Bold-Red">E           1</span>
<span class="-Color -Color-Bold -Color-Bold-Red">E           1</span>
<span class="-Color -Color-Bold -Color-Bold-Red">E           1</span>
<span class="-Color -Color-Bold -Color-Bold-Red">E           1</span>
<span class="-Color -Color-Bold -Color-Bold-Red">E           1...</span>
E
<span class="-Color -Color-Bold -Color-Bold-Red">E         ...Full output truncated (6 lines hidden), use '-vv' to show</span>

<span class="-Color -Color-Bold -Color-Bold-Red">failure_demo.py</span>:60: AssertionError
<span class="-Color -Color-Bold -Color-Bold-Red">_________________ TestSpecialisedExplanations.test_eq_list _________________</span>

self = &lt;failure_demo.TestSpecialisedExplanations object at 0xdeadbeef000c&gt;

    def test_eq_list(self):
&gt;       assert [0, 1, 2] == [0, 1, 3]
<span class="-Color -Color-Bold -Color-Bold-Red">E       assert [0, 1, 2] == [0, 1, 3]</span>
<span class="-Color -Color-Bold -Color-Bold-Red">E         At index 2 diff: 2 != 3</span>
<span class="-Color -Color-Bold -Color-Bold-Red">E         Use -v to get more diff</span>

<span class="-Color -Color-Bold -Color-Bold-Red">failure_demo.py</span>:63: AssertionError
<span class="-Color -Color-Bold -Color-Bold-Red">______________ TestSpecialisedExplanations.test_eq_list_long _______________</span>

self = &lt;failure_demo.TestSpecialisedExplanations object at 0xdeadbeef000d&gt;

    def test_eq_list_long(self):
        a = [0] * 100 + [1] + [3] * 100
        b = [0] * 100 + [2] + [3] * 100
&gt;       assert a == b
<span class="-Color -Color-Bold -Color-Bold-Red">E       assert [0, 0, 0, 0, 0, 0, ...] == [0, 0, 0, 0, 0, 0, ...]</span>
<span class="-Color -Color-Bold -Color-Bold-Red">E         At index 100 diff: 1 != 2</span>
<span class="-Color -Color-Bold -Color-Bold-Red">E         Use -v to get more diff</span>

<span class="-Color -Color-Bold -Color-Bold-Red">failure_demo.py</span>:68: AssertionError
<span class="-Color -Color-Bold -Color-Bold-Red">_________________ TestSpecialisedExplanations.test_eq_dict _________________</span>

self = &lt;failure_demo.TestSpecialisedExplanations object at 0xdeadbeef000e&gt;

    def test_eq_dict(self):
&gt;       assert {"a": 0, "b": 1, "c": 0} == {"a": 0, "b": 2, "d": 0}
<span class="-Color -Color-Bold -Color-Bold-Red">E       AssertionError: assert {'a': 0, 'b': 1, 'c': 0} == {'a': 0, 'b': 2, 'd': 0}</span>
<span class="-Color -Color-Bold -Color-Bold-Red">E         Omitting 1 identical items, use -vv to show</span>
<span class="-Color -Color-Bold -Color-Bold-Red">E         Differing items:</span>
<span class="-Color -Color-Bold -Color-Bold-Red">E         {'b': 1} != {'b': 2}</span>
<span class="-Color -Color-Bold -Color-Bold-Red">E         Left contains 1 more item:</span>
<span class="-Color -Color-Bold -Color-Bold-Red">E         {'c': 0}</span>
<span class="-Color -Color-Bold -Color-Bold-Red">E         Right contains 1 more item:</span>
<span class="-Color -Color-Bold -Color-Bold-Red">E         {'d': 0}</span>
<span class="-Color -Color-Bold -Color-Bold-Red">E         Use -v to get more diff</span>

<span class="-Color -Color-Bold -Color-Bold-Red">failure_demo.py</span>:71: AssertionError
<span class="-Color -Color-Bold -Color-Bold-Red">_________________ TestSpecialisedExplanations.test_eq_set __________________</span>

self = &lt;failure_demo.TestSpecialisedExplanations object at 0xdeadbeef000f&gt;

    def test_eq_set(self):
&gt;       assert {0, 10, 11, 12} == {0, 20, 21}
<span class="-Color -Color-Bold -Color-Bold-Red">E       assert {0, 10, 11, 12} == {0, 20, 21}</span>
<span class="-Color -Color-Bold -Color-Bold-Red">E         Extra items in the left set:</span>
<span class="-Color -Color-Bold -Color-Bold-Red">E         10</span>
<span class="-Color -Color-Bold -Color-Bold-Red">E         11</span>
<span class="-Color -Color-Bold -Color-Bold-Red">E         12</span>
<span class="-Color -Color-Bold -Color-Bold-Red">E         Extra items in the right set:</span>
<span class="-Color -Color-Bold -Color-Bold-Red">E         20</span>
<span class="-Color -Color-Bold -Color-Bold-Red">E         21</span>
<span class="-Color -Color-Bold -Color-Bold-Red">E         Use -v to get more diff</span>

<span class="-Color -Color-Bold -Color-Bold-Red">failure_demo.py</span>:74: AssertionError
<span class="-Color -Color-Bold -Color-Bold-Red">_____________ TestSpecialisedExplanations.test_eq_longer_list ______________</span>

self = &lt;failure_demo.TestSpecialisedExplanations object at 0xdeadbeef0010&gt;

    def test_eq_longer_list(self):
&gt;       assert [1, 2] == [1, 2, 3]
<span class="-Color -Color-Bold -Color-Bold-Red">E       assert [1, 2] == [1, 2, 3]</span>
<span class="-Color -Color-Bold -Color-Bold-Red">E         Right contains one more item: 3</span>
<span class="-Color -Color-Bold -Color-Bold-Red">E         Use -v to get more diff</span>

<span class="-Color -Color-Bold -Color-Bold-Red">failure_demo.py</span>:77: AssertionError
<span class="-Color -Color-Bold -Color-Bold-Red">_________________ TestSpecialisedExplanations.test_in_list _________________</span>

self = &lt;failure_demo.TestSpecialisedExplanations object at 0xdeadbeef0011&gt;

    def test_in_list(self):
&gt;       assert 1 in [0, 2, 3, 4, 5]
<span class="-Color -Color-Bold -Color-Bold-Red">E       assert 1 in [0, 2, 3, 4, 5]</span>

<span class="-Color -Color-Bold -Color-Bold-Red">failure_demo.py</span>:80: AssertionError
<span class="-Color -Color-Bold -Color-Bold-Red">__________ TestSpecialisedExplanations.test_not_in_text_multiline __________</span>

self = &lt;failure_demo.TestSpecialisedExplanations object at 0xdeadbeef0012&gt;

    def test_not_in_text_multiline(self):
        text = "some multiline\ntext\nwhich\nincludes foo\nand a\ntail"
&gt;       assert "foo" not in text
<span class="-Color -Color-Bold -Color-Bold-Red">E       AssertionError: assert 'foo' not in 'some multil...nand a\ntail'</span>
<span class="-Color -Color-Bold -Color-Bold-Red">E         'foo' is contained here:</span>
<span class="-Color -Color-Bold -Color-Bold-Red">E           some multiline</span>
<span class="-Color -Color-Bold -Color-Bold-Red">E           text</span>
<span class="-Color -Color-Bold -Color-Bold-Red">E           which</span>
<span class="-Color -Color-Bold -Color-Bold-Red">E           includes foo</span>
<span class="-Color -Color-Bold -Color-Bold-Red">E         ?          +++</span>
<span class="-Color -Color-Bold -Color-Bold-Red">E           and a</span>
<span class="-Color -Color-Bold -Color-Bold-Red">E           tail</span>

<span class="-Color -Color-Bold -Color-Bold-Red">failure_demo.py</span>:84: AssertionError
<span class="-Color -Color-Bold -Color-Bold-Red">___________ TestSpecialisedExplanations.test_not_in_text_single ____________</span>

self = &lt;failure_demo.TestSpecialisedExplanations object at 0xdeadbeef0013&gt;

    def test_not_in_text_single(self):
        text = "single foo line"
&gt;       assert "foo" not in text
<span class="-Color -Color-Bold -Color-Bold-Red">E       AssertionError: assert 'foo' not in 'single foo line'</span>
<span class="-Color -Color-Bold -Color-Bold-Red">E         'foo' is contained here:</span>
<span class="-Color -Color-Bold -Color-Bold-Red">E           single foo line</span>
<span class="-Color -Color-Bold -Color-Bold-Red">E         ?        +++</span>

<span class="-Color -Color-Bold -Color-Bold-Red">failure_demo.py</span>:88: AssertionError
<span class="-Color -Color-Bold -Color-Bold-Red">_________ TestSpecialisedExplanations.test_not_in_text_single_long _________</span>

self = &lt;failure_demo.TestSpecialisedExplanations object at 0xdeadbeef0014&gt;

    def test_not_in_text_single_long(self):
        text = "head " * 50 + "foo " + "tail " * 20
&gt;       assert "foo" not in text
<span class="-Color -Color-Bold -Color-Bold-Red">E       AssertionError: assert 'foo' not in 'head head h...l tail tail '</span>
<span class="-Color -Color-Bold -Color-Bold-Red">E         'foo' is contained here:</span>
<span class="-Color -Color-Bold -Color-Bold-Red">E           head head foo tail tail tail tail tail tail tail tail tail tail tail tail tail tail tail tail tail tail tail tail</span>
<span class="-Color -Color-Bold -Color-Bold-Red">E         ?           +++</span>

<span class="-Color -Color-Bold -Color-Bold-Red">failure_demo.py</span>:92: AssertionError
<span class="-Color -Color-Bold -Color-Bold-Red">______ TestSpecialisedExplanations.test_not_in_text_single_long_term _______</span>

self = &lt;failure_demo.TestSpecialisedExplanations object at 0xdeadbeef0015&gt;

    def test_not_in_text_single_long_term(self):
        text = "head " * 50 + "f" * 70 + "tail " * 20
&gt;       assert "f" * 70 not in text
<span class="-Color -Color-Bold -Color-Bold-Red">E       AssertionError: assert 'fffffffffff...ffffffffffff' not in 'head head h...l tail tail '</span>
<span class="-Color -Color-Bold -Color-Bold-Red">E         'ffffffffffffffffff...fffffffffffffffffff' is contained here:</span>
<span class="-Color -Color-Bold -Color-Bold-Red">E           head head fffffffffffffffffffffffffffffffffffffffffffffffffffffffffffffffffffffftail tail tail tail tail tail tail tail tail tail tail tail tail tail tail tail tail tail tail tail</span>
<span class="-Color -Color-Bold -Color-Bold-Red">E         ?           ++++++++++++++++++++++++++++++++++++++++++++++++++++++++++++++++++++++</span>

<span class="-Color -Color-Bold -Color-Bold-Red">failure_demo.py</span>:96: AssertionError
<span class="-Color -Color-Bold -Color-Bold-Red">______________ TestSpecialisedExplanations.test_eq_dataclass _______________</span>

self = &lt;failure_demo.TestSpecialisedExplanations object at 0xdeadbeef0016&gt;

    def test_eq_dataclass(self):
        from dataclasses import dataclass

        @dataclass
        class Foo:
            a: int
            b: str

        left = Foo(1, "b")
        right = Foo(1, "c")
&gt;       assert left == right
<span class="-Color -Color-Bold -Color-Bold-Red">E       AssertionError: assert TestSpecialis...oo(a=1, b='b') == TestSpecialis...oo(a=1, b='c')</span>
E
<span class="-Color -Color-Bold -Color-Bold-Red">E         Omitting 1 identical items, use -vv to show</span>
<span class="-Color -Color-Bold -Color-Bold-Red">E         Differing attributes:</span>
<span class="-Color -Color-Bold -Color-Bold-Red">E         ['b']</span>
E
<span class="-Color -Color-Bold -Color-Bold-Red">E         Drill down into differing attribute b:</span>
<span class="-Color -Color-Bold -Color-Bold-Red">E           b: 'b' != 'c'</span>
<span class="-Color -Color-Bold -Color-Bold-Red">E           - c</span>
<span class="-Color -Color-Bold -Color-Bold-Red">E           + b</span>

<span class="-Color -Color-Bold -Color-Bold-Red">failure_demo.py</span>:108: AssertionError
<span class="-Color -Color-Bold -Color-Bold-Red">________________ TestSpecialisedExplanations.test_eq_attrs _________________</span>

self = &lt;failure_demo.TestSpecialisedExplanations object at 0xdeadbeef0017&gt;

    def test_eq_attrs(self):
        import attr

        @attr.s
        class Foo:
            a = attr.ib()
            b = attr.ib()

        left = Foo(1, "b")
        right = Foo(1, "c")
&gt;       assert left == right
<span class="-Color -Color-Bold -Color-Bold-Red">E       AssertionError: assert Foo(a=1, b='b') == Foo(a=1, b='c')</span>
E
<span class="-Color -Color-Bold -Color-Bold-Red">E         Omitting 1 identical items, use -vv to show</span>
<span class="-Color -Color-Bold -Color-Bold-Red">E         Differing attributes:</span>
<span class="-Color -Color-Bold -Color-Bold-Red">E         ['b']</span>
E
<span class="-Color -Color-Bold -Color-Bold-Red">E         Drill down into differing attribute b:</span>
<span class="-Color -Color-Bold -Color-Bold-Red">E           b: 'b' != 'c'</span>
<span class="-Color -Color-Bold -Color-Bold-Red">E           - c</span>
<span class="-Color -Color-Bold -Color-Bold-Red">E           + b</span>

<span class="-Color -Color-Bold -Color-Bold-Red">failure_demo.py</span>:120: AssertionError
<span class="-Color -Color-Bold -Color-Bold-Red">______________________________ test_attribute ______________________________</span>

    def test_attribute():
        class Foo:
            b = 1

        i = Foo()
&gt;       assert i.b == 2
<span class="-Color -Color-Bold -Color-Bold-Red">E       assert 1 == 2</span>
<span class="-Color -Color-Bold -Color-Bold-Red">E        +  where 1 = &lt;failure_demo.test_attribute.&lt;locals&gt;.Foo object at 0xdeadbeef0018&gt;.b</span>

<span class="-Color -Color-Bold -Color-Bold-Red">failure_demo.py</span>:128: AssertionError
<span class="-Color -Color-Bold -Color-Bold-Red">_________________________ test_attribute_instance __________________________</span>

    def test_attribute_instance():
        class Foo:
            b = 1

&gt;       assert Foo().b == 2
<span class="-Color -Color-Bold -Color-Bold-Red">E       AssertionError: assert 1 == 2</span>
<span class="-Color -Color-Bold -Color-Bold-Red">E        +  where 1 = &lt;failure_demo.test_attribute_instance.&lt;locals&gt;.Foo object at 0xdeadbeef0019&gt;.b</span>
<span class="-Color -Color-Bold -Color-Bold-Red">E        +    where &lt;failure_demo.test_attribute_instance.&lt;locals&gt;.Foo object at 0xdeadbeef0019&gt; = &lt;class 'failure_demo.test_attribute_instance.&lt;locals&gt;.Foo'&gt;()</span>

<span class="-Color -Color-Bold -Color-Bold-Red">failure_demo.py</span>:135: AssertionError
<span class="-Color -Color-Bold -Color-Bold-Red">__________________________ test_attribute_failure __________________________</span>

    def test_attribute_failure():
        class Foo:
            def _get_b(self):
                raise Exception("Failed to get attrib")

            b = property(_get_b)

        i = Foo()
&gt;       assert i.b == 2

<span class="-Color -Color-Bold -Color-Bold-Red">failure_demo.py</span>:146:
<span class="-Color -Color-Bold -Color-Bold-Red">_ _ _ _ _ _ _ _ _ _ _ _ _ _ _ _ _ _ _ _ _ _ _ _ _ _ _ _ _ _ _ _ _ _ _ _ _ _</span>

self = &lt;failure_demo.test_attribute_failure.&lt;locals&gt;.Foo object at 0xdeadbeef001a&gt;

    def _get_b(self):
&gt;       raise Exception("Failed to get attrib")
<span class="-Color -Color-Bold -Color-Bold-Red">E       Exception: Failed to get attrib</span>

<span class="-Color -Color-Bold -Color-Bold-Red">failure_demo.py</span>:141: Exception
<span class="-Color -Color-Bold -Color-Bold-Red">_________________________ test_attribute_multiple __________________________</span>

    def test_attribute_multiple():
        class Foo:
            b = 1

        class Bar:
            b = 2

&gt;       assert Foo().b == Bar().b
<span class="-Color -Color-Bold -Color-Bold-Red">E       AssertionError: assert 1 == 2</span>
<span class="-Color -Color-Bold -Color-Bold-Red">E        +  where 1 = &lt;failure_demo.test_attribute_multiple.&lt;locals&gt;.Foo object at 0xdeadbeef001b&gt;.b</span>
<span class="-Color -Color-Bold -Color-Bold-Red">E        +    where &lt;failure_demo.test_attribute_multiple.&lt;locals&gt;.Foo object at 0xdeadbeef001b&gt; = &lt;class 'failure_demo.test_attribute_multiple.&lt;locals&gt;.Foo'&gt;()</span>
<span class="-Color -Color-Bold -Color-Bold-Red">E        +  and   2 = &lt;failure_demo.test_attribute_multiple.&lt;locals&gt;.Bar object at 0xdeadbeef001c&gt;.b</span>
<span class="-Color -Color-Bold -Color-Bold-Red">E        +    where &lt;failure_demo.test_attribute_multiple.&lt;locals&gt;.Bar object at 0xdeadbeef001c&gt; = &lt;class 'failure_demo.test_attribute_multiple.&lt;locals&gt;.Bar'&gt;()</span>

<span class="-Color -Color-Bold -Color-Bold-Red">failure_demo.py</span>:156: AssertionError
<span class="-Color -Color-Bold -Color-Bold-Red">__________________________ TestRaises.test_raises __________________________</span>

self = &lt;failure_demo.TestRaises object at 0xdeadbeef001d&gt;

    def test_raises(self):
        s = "qwe"
&gt;       raises(TypeError, int, s)
<span class="-Color -Color-Bold -Color-Bold-Red">E       ValueError: invalid literal for int() with base 10: 'qwe'</span>

<span class="-Color -Color-Bold -Color-Bold-Red">failure_demo.py</span>:166: ValueError
<span class="-Color -Color-Bold -Color-Bold-Red">______________________ TestRaises.test_raises_doesnt _______________________</span>

self = &lt;failure_demo.TestRaises object at 0xdeadbeef001e&gt;

    def test_raises_doesnt(self):
&gt;       raises(OSError, int, "3")
<span class="-Color -Color-Bold -Color-Bold-Red">E       Failed: DID NOT RAISE &lt;class 'OSError'&gt;</span>

<span class="-Color -Color-Bold -Color-Bold-Red">failure_demo.py</span>:169: Failed
<span class="-Color -Color-Bold -Color-Bold-Red">__________________________ TestRaises.test_raise ___________________________</span>

self = &lt;failure_demo.TestRaises object at 0xdeadbeef001f&gt;

    def test_raise(self):
&gt;       raise ValueError("demo error")
<span class="-Color -Color-Bold -Color-Bold-Red">E       ValueError: demo error</span>

<span class="-Color -Color-Bold -Color-Bold-Red">failure_demo.py</span>:172: ValueError
<span class="-Color -Color-Bold -Color-Bold-Red">________________________ TestRaises.test_tupleerror ________________________</span>

self = &lt;failure_demo.TestRaises object at 0xdeadbeef0020&gt;

    def test_tupleerror(self):
&gt;       a, b = [1]  # NOQA
<span class="-Color -Color-Bold -Color-Bold-Red">E       ValueError: not enough values to unpack (expected 2, got 1)</span>

<span class="-Color -Color-Bold -Color-Bold-Red">failure_demo.py</span>:175: ValueError
<span class="-Color -Color-Bold -Color-Bold-Red">______ TestRaises.test_reinterpret_fails_with_print_for_the_fun_of_it ______</span>

self = &lt;failure_demo.TestRaises object at 0xdeadbeef0021&gt;

    def test_reinterpret_fails_with_print_for_the_fun_of_it(self):
        items = [1, 2, 3]
        print(f"items is {items!r}")
&gt;       a, b = items.pop()
<span class="-Color -Color-Bold -Color-Bold-Red">E       TypeError: cannot unpack non-iterable int object</span>

<span class="-Color -Color-Bold -Color-Bold-Red">failure_demo.py</span>:180: TypeError
--------------------------- Captured stdout call ---------------------------
items is [1, 2, 3]
<span class="-Color -Color-Bold -Color-Bold-Red">________________________ TestRaises.test_some_error ________________________</span>

self = &lt;failure_demo.TestRaises object at 0xdeadbeef0022&gt;

    def test_some_error(self):
&gt;       if namenotexi:  # NOQA
<span class="-Color -Color-Bold -Color-Bold-Red">E       NameError: name 'namenotexi' is not defined</span>

<span class="-Color -Color-Bold -Color-Bold-Red">failure_demo.py</span>:183: NameError
<span class="-Color -Color-Bold -Color-Bold-Red">____________________ test_dynamic_compile_shows_nicely _____________________</span>

    def test_dynamic_compile_shows_nicely():
        import importlib.util
        import sys

        src = "def foo():\n assert 1 == 0\n"
        name = "abc-123"
        spec = importlib.util.spec_from_loader(name, loader=None)
        module = importlib.util.module_from_spec(spec)
        code = compile(src, name, "exec")
        exec(code, module.__dict__)
        sys.modules[name] = module
&gt;       module.foo()

<span class="-Color -Color-Bold -Color-Bold-Red">failure_demo.py</span>:202:
<span class="-Color -Color-Bold -Color-Bold-Red">_ _ _ _ _ _ _ _ _ _ _ _ _ _ _ _ _ _ _ _ _ _ _ _ _ _ _ _ _ _ _ _ _ _ _ _ _ _</span>

&gt;   ???
<span class="-Color -Color-Bold -Color-Bold-Red">E   AssertionError</span>

<span class="-Color -Color-Bold -Color-Bold-Red">abc-123</span>:2: AssertionError
<span class="-Color -Color-Bold -Color-Bold-Red">____________________ TestMoreErrors.test_complex_error _____________________</span>

self = &lt;failure_demo.TestMoreErrors object at 0xdeadbeef0023&gt;

    def test_complex_error(self):
        def f():
            return 44

        def g():
            return 43

&gt;       somefunc(f(), g())

<span class="-Color -Color-Bold -Color-Bold-Red">failure_demo.py</span>:213:
<span class="-Color -Color-Bold -Color-Bold-Red">_ _ _ _ _ _ _ _ _ _ _ _ _ _ _ _ _ _ _ _ _ _ _ _ _ _ _ _ _ _ _ _ _ _ _ _ _ _</span>
<span class="-Color -Color-Bold -Color-Bold-Red">failure_demo.py</span>:10: in somefunc
    otherfunc(x, y)
<span class="-Color -Color-Bold -Color-Bold-Red">_ _ _ _ _ _ _ _ _ _ _ _ _ _ _ _ _ _ _ _ _ _ _ _ _ _ _ _ _ _ _ _ _ _ _ _ _ _</span>

a = 44, b = 43

    def otherfunc(a, b):
&gt;       assert a == b
<span class="-Color -Color-Bold -Color-Bold-Red">E       assert 44 == 43</span>

<span class="-Color -Color-Bold -Color-Bold-Red">failure_demo.py</span>:6: AssertionError
<span class="-Color -Color-Bold -Color-Bold-Red">___________________ TestMoreErrors.test_z1_unpack_error ____________________</span>

self = &lt;failure_demo.TestMoreErrors object at 0xdeadbeef0024&gt;

    def test_z1_unpack_error(self):
        items = []
&gt;       a, b = items
<span class="-Color -Color-Bold -Color-Bold-Red">E       ValueError: not enough values to unpack (expected 2, got 0)</span>

<span class="-Color -Color-Bold -Color-Bold-Red">failure_demo.py</span>:217: ValueError
<span class="-Color -Color-Bold -Color-Bold-Red">____________________ TestMoreErrors.test_z2_type_error _____________________</span>

self = &lt;failure_demo.TestMoreErrors object at 0xdeadbeef0025&gt;

    def test_z2_type_error(self):
        items = 3
&gt;       a, b = items
<span class="-Color -Color-Bold -Color-Bold-Red">E       TypeError: cannot unpack non-iterable int object</span>

<span class="-Color -Color-Bold -Color-Bold-Red">failure_demo.py</span>:221: TypeError
<span class="-Color -Color-Bold -Color-Bold-Red">______________________ TestMoreErrors.test_startswith ______________________</span>

self = &lt;failure_demo.TestMoreErrors object at 0xdeadbeef0026&gt;

    def test_startswith(self):
        s = "123"
        g = "456"
&gt;       assert s.startswith(g)
<span class="-Color -Color-Bold -Color-Bold-Red">E       AssertionError: assert False</span>
<span class="-Color -Color-Bold -Color-Bold-Red">E        +  where False = &lt;built-in method startswith of str object at 0xdeadbeef0027&gt;('456')</span>
<span class="-Color -Color-Bold -Color-Bold-Red">E        +    where &lt;built-in method startswith of str object at 0xdeadbeef0027&gt; = '123'.startswith</span>

<span class="-Color -Color-Bold -Color-Bold-Red">failure_demo.py</span>:226: AssertionError
<span class="-Color -Color-Bold -Color-Bold-Red">__________________ TestMoreErrors.test_startswith_nested ___________________</span>

self = &lt;failure_demo.TestMoreErrors object at 0xdeadbeef0028&gt;

    def test_startswith_nested(self):
        def f():
            return "123"

        def g():
            return "456"

&gt;       assert f().startswith(g())
<span class="-Color -Color-Bold -Color-Bold-Red">E       AssertionError: assert False</span>
<span class="-Color -Color-Bold -Color-Bold-Red">E        +  where False = &lt;built-in method startswith of str object at 0xdeadbeef0027&gt;('456')</span>
<span class="-Color -Color-Bold -Color-Bold-Red">E        +    where &lt;built-in method startswith of str object at 0xdeadbeef0027&gt; = '123'.startswith</span>
<span class="-Color -Color-Bold -Color-Bold-Red">E        +      where '123' = &lt;function TestMoreErrors.test_startswith_nested.&lt;locals&gt;.f at 0xdeadbeef0029&gt;()</span>
<span class="-Color -Color-Bold -Color-Bold-Red">E        +    and   '456' = &lt;function TestMoreErrors.test_startswith_nested.&lt;locals&gt;.g at 0xdeadbeef002a&gt;()</span>

<span class="-Color -Color-Bold -Color-Bold-Red">failure_demo.py</span>:235: AssertionError
<span class="-Color -Color-Bold -Color-Bold-Red">_____________________ TestMoreErrors.test_global_func ______________________</span>

self = &lt;failure_demo.TestMoreErrors object at 0xdeadbeef002b&gt;

    def test_global_func(self):
&gt;       assert isinstance(globf(42), float)
<span class="-Color -Color-Bold -Color-Bold-Red">E       assert False</span>
<span class="-Color -Color-Bold -Color-Bold-Red">E        +  where False = isinstance(43, float)</span>
<span class="-Color -Color-Bold -Color-Bold-Red">E        +    where 43 = globf(42)</span>

<span class="-Color -Color-Bold -Color-Bold-Red">failure_demo.py</span>:238: AssertionError
<span class="-Color -Color-Bold -Color-Bold-Red">_______________________ TestMoreErrors.test_instance _______________________</span>

self = &lt;failure_demo.TestMoreErrors object at 0xdeadbeef002c&gt;

    def test_instance(self):
        self.x = 6 * 7
&gt;       assert self.x != 42
<span class="-Color -Color-Bold -Color-Bold-Red">E       assert 42 != 42</span>
<span class="-Color -Color-Bold -Color-Bold-Red">E        +  where 42 = &lt;failure_demo.TestMoreErrors object at 0xdeadbeef002c&gt;.x</span>

<span class="-Color -Color-Bold -Color-Bold-Red">failure_demo.py</span>:242: AssertionError
<span class="-Color -Color-Bold -Color-Bold-Red">_______________________ TestMoreErrors.test_compare ________________________</span>

self = &lt;failure_demo.TestMoreErrors object at 0xdeadbeef002d&gt;

    def test_compare(self):
&gt;       assert globf(10) &lt; 5
<span class="-Color -Color-Bold -Color-Bold-Red">E       assert 11 &lt; 5</span>
<span class="-Color -Color-Bold -Color-Bold-Red">E        +  where 11 = globf(10)</span>

<span class="-Color -Color-Bold -Color-Bold-Red">failure_demo.py</span>:245: AssertionError
<span class="-Color -Color-Bold -Color-Bold-Red">_____________________ TestMoreErrors.test_try_finally ______________________</span>

self = &lt;failure_demo.TestMoreErrors object at 0xdeadbeef002e&gt;

    def test_try_finally(self):
        x = 1
        try:
&gt;           assert x == 0
<span class="-Color -Color-Bold -Color-Bold-Red">E           assert 1 == 0</span>

<span class="-Color -Color-Bold -Color-Bold-Red">failure_demo.py</span>:250: AssertionError
<span class="-Color -Color-Bold -Color-Bold-Red">___________________ TestCustomAssertMsg.test_single_line ___________________</span>

self = &lt;failure_demo.TestCustomAssertMsg object at 0xdeadbeef002f&gt;

    def test_single_line(self):
        class A:
            a = 1

        b = 2
&gt;       assert A.a == b, "A.a appears not to be b"
<span class="-Color -Color-Bold -Color-Bold-Red">E       AssertionError: A.a appears not to be b</span>
<span class="-Color -Color-Bold -Color-Bold-Red">E       assert 1 == 2</span>
<span class="-Color -Color-Bold -Color-Bold-Red">E        +  where 1 = &lt;class 'failure_demo.TestCustomAssertMsg.test_single_line.&lt;locals&gt;.A'&gt;.a</span>

<span class="-Color -Color-Bold -Color-Bold-Red">failure_demo.py</span>:261: AssertionError
<span class="-Color -Color-Bold -Color-Bold-Red">____________________ TestCustomAssertMsg.test_multiline ____________________</span>

self = &lt;failure_demo.TestCustomAssertMsg object at 0xdeadbeef0030&gt;

    def test_multiline(self):
        class A:
            a = 1

        b = 2
&gt;       assert (
            A.a == b
        ), "A.a appears not to be b\nor does not appear to be b\none of those"
<span class="-Color -Color-Bold -Color-Bold-Red">E       AssertionError: A.a appears not to be b</span>
<span class="-Color -Color-Bold -Color-Bold-Red">E         or does not appear to be b</span>
<span class="-Color -Color-Bold -Color-Bold-Red">E         one of those</span>
<span class="-Color -Color-Bold -Color-Bold-Red">E       assert 1 == 2</span>
<span class="-Color -Color-Bold -Color-Bold-Red">E        +  where 1 = &lt;class 'failure_demo.TestCustomAssertMsg.test_multiline.&lt;locals&gt;.A'&gt;.a</span>

<span class="-Color -Color-Bold -Color-Bold-Red">failure_demo.py</span>:268: AssertionError
<span class="-Color -Color-Bold -Color-Bold-Red">___________________ TestCustomAssertMsg.test_custom_repr ___________________</span>

self = &lt;failure_demo.TestCustomAssertMsg object at 0xdeadbeef0031&gt;

    def test_custom_repr(self):
        class JSON:
            a = 1

            def __repr__(self):
                return "This is JSON\n{\n  'foo': 'bar'\n}"

        a = JSON()
        b = 2
&gt;       assert a.a == b, a
<span class="-Color -Color-Bold -Color-Bold-Red">E       AssertionError: This is JSON</span>
<span class="-Color -Color-Bold -Color-Bold-Red">E         {</span>
<span class="-Color -Color-Bold -Color-Bold-Red">E           'foo': 'bar'</span>
<span class="-Color -Color-Bold -Color-Bold-Red">E         }</span>
<span class="-Color -Color-Bold -Color-Bold-Red">E       assert 1 == 2</span>
<span class="-Color -Color-Bold -Color-Bold-Red">E        +  where 1 = This is JSON\n{\n  'foo': 'bar'\n}.a</span>

<span class="-Color -Color-Bold -Color-Bold-Red">failure_demo.py</span>:281: AssertionError
<span class="-Color -Color-Bold -Color-Bold-Cyan">========================= short test summary info ==========================</span>
<span class="-Color -Color-Red">FAILED</span> failure_demo.py::<span class="-Color -Color-Bold">test_generative[3-6]</span> - assert (3 * 2) &lt; 6
<span class="-Color -Color-Red">FAILED</span> failure_demo.py::<span class="-Color -Color-Bold">TestFailing::test_simple</span> - assert 42 == 43
<span class="-Color -Color-Red">FAILED</span> failure_demo.py::<span class="-Color -Color-Bold">TestFailing::test_simple_multiline</span> - assert 42 == 54
<span class="-Color -Color-Red">FAILED</span> failure_demo.py::<span class="-Color -Color-Bold">TestFailing::test_not</span> - assert not 42
<span class="-Color -Color-Red">FAILED</span> failure_demo.py::<span class="-Color -Color-Bold">TestSpecialisedExplanations::test_eq_text</span> - Asser...
<span class="-Color -Color-Red">FAILED</span> failure_demo.py::TestSpecialisedExplanations::test_eq_similar_text
<span class="-Color -Color-Red">FAILED</span> failure_demo.py::TestSpecialisedExplanations::test_eq_multiline_text
<span class="-Color -Color-Red">FAILED</span> failure_demo.py::<span class="-Color -Color-Bold">TestSpecialisedExplanations::test_eq_long_text</span> - ...
<span class="-Color -Color-Red">FAILED</span> failure_demo.py::TestSpecialisedExplanations::test_eq_long_text_multiline
<span class="-Color -Color-Red">FAILED</span> failure_demo.py::<span class="-Color -Color-Bold">TestSpecialisedExplanations::test_eq_list</span> - asser...
<span class="-Color -Color-Red">FAILED</span> failure_demo.py::<span class="-Color -Color-Bold">TestSpecialisedExplanations::test_eq_list_long</span> - ...
<span class="-Color -Color-Red">FAILED</span> failure_demo.py::<span class="-Color -Color-Bold">TestSpecialisedExplanations::test_eq_dict</span> - Asser...
<span class="-Color -Color-Red">FAILED</span> failure_demo.py::<span class="-Color -Color-Bold">TestSpecialisedExplanations::test_eq_set</span> - assert...
<span class="-Color -Color-Red">FAILED</span> failure_demo.py::TestSpecialisedExplanations::test_eq_longer_list
<span class="-Color -Color-Red">FAILED</span> failure_demo.py::<span class="-Color -Color-Bold">TestSpecialisedExplanations::test_in_list</span> - asser...
<span class="-Color -Color-Red">FAILED</span> failure_demo.py::TestSpecialisedExplanations::test_not_in_text_multiline
<span class="-Color -Color-Red">FAILED</span> failure_demo.py::TestSpecialisedExplanations::test_not_in_text_single
<span class="-Color -Color-Red">FAILED</span> failure_demo.py::TestSpecialisedExplanations::test_not_in_text_single_long
<span class="-Color -Color-Red">FAILED</span> failure_demo.py::TestSpecialisedExplanations::test_not_in_text_single_long_term
<span class="-Color -Color-Red">FAILED</span> failure_demo.py::<span class="-Color -Color-Bold">TestSpecialisedExplanations::test_eq_dataclass</span> - ...
<span class="-Color -Color-Red">FAILED</span> failure_demo.py::<span class="-Color -Color-Bold">TestSpecialisedExplanations::test_eq_attrs</span> - Asse...
<span class="-Color -Color-Red">FAILED</span> failure_demo.py::<span class="-Color -Color-Bold">test_attribute</span> - assert 1 == 2
<span class="-Color -Color-Red">FAILED</span> failure_demo.py::<span class="-Color -Color-Bold">test_attribute_instance</span> - AssertionError: assert ...
<span class="-Color -Color-Red">FAILED</span> failure_demo.py::<span class="-Color -Color-Bold">test_attribute_failure</span> - Exception: Failed to get...
<span class="-Color -Color-Red">FAILED</span> failure_demo.py::<span class="-Color -Color-Bold">test_attribute_multiple</span> - AssertionError: assert ...
<span class="-Color -Color-Red">FAILED</span> failure_demo.py::<span class="-Color -Color-Bold">TestRaises::test_raises</span> - ValueError: invalid lit...
<span class="-Color -Color-Red">FAILED</span> failure_demo.py::<span class="-Color -Color-Bold">TestRaises::test_raises_doesnt</span> - Failed: DID NOT ...
<span class="-Color -Color-Red">FAILED</span> failure_demo.py::<span class="-Color -Color-Bold">TestRaises::test_raise</span> - ValueError: demo error
<span class="-Color -Color-Red">FAILED</span> failure_demo.py::<span class="-Color -Color-Bold">TestRaises::test_tupleerror</span> - ValueError: not eno...
<span class="-Color -Color-Red">FAILED</span> failure_demo.py::TestRaises::test_reinterpret_fails_with_print_for_the_fun_of_it
<span class="-Color -Color-Red">FAILED</span> failure_demo.py::<span class="-Color -Color-Bold">TestRaises::test_some_error</span> - NameError: name 'na...
<span class="-Color -Color-Red">FAILED</span> failure_demo.py::<span class="-Color -Color-Bold">test_dynamic_compile_shows_nicely</span> - AssertionError
<span class="-Color -Color-Red">FAILED</span> failure_demo.py::<span class="-Color -Color-Bold">TestMoreErrors::test_complex_error</span> - assert 44 == 43
<span class="-Color -Color-Red">FAILED</span> failure_demo.py::<span class="-Color -Color-Bold">TestMoreErrors::test_z1_unpack_error</span> - ValueError...
<span class="-Color -Color-Red">FAILED</span> failure_demo.py::<span class="-Color -Color-Bold">TestMoreErrors::test_z2_type_error</span> - TypeError: c...
<span class="-Color -Color-Red">FAILED</span> failure_demo.py::<span class="-Color -Color-Bold">TestMoreErrors::test_startswith</span> - AssertionError:...
<span class="-Color -Color-Red">FAILED</span> failure_demo.py::<span class="-Color -Color-Bold">TestMoreErrors::test_startswith_nested</span> - Assertio...
<span class="-Color -Color-Red">FAILED</span> failure_demo.py::<span class="-Color -Color-Bold">TestMoreErrors::test_global_func</span> - assert False
<span class="-Color -Color-Red">FAILED</span> failure_demo.py::<span class="-Color -Color-Bold">TestMoreErrors::test_instance</span> - assert 42 != 42
<span class="-Color -Color-Red">FAILED</span> failure_demo.py::<span class="-Color -Color-Bold">TestMoreErrors::test_compare</span> - assert 11 &lt; 5
<span class="-Color -Color-Red">FAILED</span> failure_demo.py::<span class="-Color -Color-Bold">TestMoreErrors::test_try_finally</span> - assert 1 == 0
<span class="-Color -Color-Red">FAILED</span> failure_demo.py::<span class="-Color -Color-Bold">TestCustomAssertMsg::test_single_line</span> - Assertion...
<span class="-Color -Color-Red">FAILED</span> failure_demo.py::<span class="-Color -Color-Bold">TestCustomAssertMsg::test_multiline</span> - AssertionEr...
<span class="-Color -Color-Red">FAILED</span> failure_demo.py::<span class="-Color -Color-Bold">TestCustomAssertMsg::test_custom_repr</span> - Assertion...
<span class="-Color -Color-Red">============================ </span><span class="-Color -Color-Bold -Color-Bold-Red">44 failed</span><span class="-Color -Color-Red"> in 0.12s ============================</span>
</pre></div>
</div>
</section>
<div class="clearer"></div>
</div>
</div>
<span id="sidebar-top"></span>
<div class="clearer"></div>
</div>
<div class="footer" role="contentinfo">
        © Copyright 2015, holger krekel and pytest-dev team.
      Created using <a href="https://www.sphinx-doc.org/">Sphinx</a> 5.3.0.
    </div>
<script src="../_static/version_warning_offset.js"></script>
</body>
</html>